[ 2017-04-09T10:07:48+08:00 ] ::1 /StudentMS/index.php/app/public/js/jquery1.8.js
INFO: [ app_init ] --START--
INFO: Run Behavior\BuildLiteBehavior [ RunTime:0.000007s ]
INFO: [ app_init ] --END-- [ RunTime:0.000047s ]
ERR: 无法加载模块:App

[ 2017-04-09T10:07:48+08:00 ] ::1 /StudentMS/index.php/app/public/img/avtar.png
INFO: [ app_init ] --START--
INFO: Run Behavior\BuildLiteBehavior [ RunTime:0.000010s ]
INFO: [ app_init ] --END-- [ RunTime:0.000060s ]
ERR: 无法加载模块:App

[ 2017-04-09T10:07:55+08:00 ] ::1 /StudentMS/index.php/app/public/img/avtar.png
INFO: [ app_init ] --START--
INFO: Run Behavior\BuildLiteBehavior [ RunTime:0.000008s ]
INFO: [ app_init ] --END-- [ RunTime:0.000053s ]
ERR: 无法加载模块:App

[ 2017-04-09T10:07:55+08:00 ] ::1 /StudentMS/index.php/app/public/js/jquery1.8.js
INFO: [ app_init ] --START--
INFO: Run Behavior\BuildLiteBehavior [ RunTime:0.000008s ]
INFO: [ app_init ] --END-- [ RunTime:0.000055s ]
ERR: 无法加载模块:App

[ 2017-04-09T10:15:15+08:00 ] ::1 /StudentMS/index.php/app/public/js/jquery1.8.js
INFO: [ app_init ] --START--
INFO: Run Behavior\BuildLiteBehavior [ RunTime:0.000007s ]
INFO: [ app_init ] --END-- [ RunTime:0.000040s ]
ERR: 无法加载模块:App

[ 2017-04-09T10:16:32+08:00 ] ::1 /StudentMS/index.php/app/public/js/jquery1.8.js
INFO: [ app_init ] --START--
INFO: Run Behavior\BuildLiteBehavior [ RunTime:0.000008s ]
INFO: [ app_init ] --END-- [ RunTime:0.000054s ]
ERR: 无法加载模块:App

[ 2017-04-09T10:16:33+08:00 ] ::1 /StudentMS/index.php/app/public/js/jquery1.8.js
INFO: [ app_init ] --START--
INFO: Run Behavior\BuildLiteBehavior [ RunTime:0.000009s ]
INFO: [ app_init ] --END-- [ RunTime:0.000058s ]
ERR: 无法加载模块:App

