[ 2017-04-10T16:03:25+08:00 ] ::1 /StudentMS/index.php/Department/de_all?pager=%7B%22page%22%3A1%2C%22pageCapacity%22%3A7%7D
INFO: [ app_init ] --START--
INFO: Run Behavior\BuildLiteBehavior [ RunTime:0.000005s ]
INFO: [ app_init ] --END-- [ RunTime:0.000035s ]
ERR: 无法加载模块:Department

[ 2017-04-10T16:03:29+08:00 ] ::1 /StudentMS/index.php/Department/notice
INFO: [ app_init ] --START--
INFO: Run Behavior\BuildLiteBehavior [ RunTime:0.000013s ]
INFO: [ app_init ] --END-- [ RunTime:0.000112s ]
ERR: 无法加载模块:Department

[ 2017-04-10T16:03:32+08:00 ] ::1 /StudentMS/index.php/Department/manage
INFO: [ app_init ] --START--
INFO: Run Behavior\BuildLiteBehavior [ RunTime:0.000018s ]
INFO: [ app_init ] --END-- [ RunTime:0.000151s ]
ERR: 无法加载模块:Department

[ 2017-04-10T16:03:37+08:00 ] ::1 /StudentMS/index.php/Department/index
INFO: [ app_init ] --START--
INFO: Run Behavior\BuildLiteBehavior [ RunTime:0.000015s ]
INFO: [ app_init ] --END-- [ RunTime:0.000139s ]
ERR: 无法加载模块:Department

[ 2017-04-10T16:03:39+08:00 ] ::1 /StudentMS/index.php/Department/de_all?pager=%7B%22page%22%3A1%2C%22pageCapacity%22%3A7%7D
INFO: [ app_init ] --START--
INFO: Run Behavior\BuildLiteBehavior [ RunTime:0.000014s ]
INFO: [ app_init ] --END-- [ RunTime:0.000091s ]
ERR: 无法加载模块:Department

[ 2017-04-10T16:03:42+08:00 ] ::1 /StudentMS/index.php/Department/notice
INFO: [ app_init ] --START--
INFO: Run Behavior\BuildLiteBehavior [ RunTime:0.000011s ]
INFO: [ app_init ] --END-- [ RunTime:0.000086s ]
ERR: 无法加载模块:Department

[ 2017-04-10T16:04:43+08:00 ] ::1 /StudentMS/index.php/Department/de_all?pager=%7B%22page%22%3A1%2C%22pageCapacity%22%3A7%7D
INFO: [ app_init ] --START--
INFO: Run Behavior\BuildLiteBehavior [ RunTime:0.000005s ]
INFO: [ app_init ] --END-- [ RunTime:0.000035s ]
ERR: 无法加载模块:Department

[ 2017-04-10T16:04:44+08:00 ] ::1 /StudentMS/index.php/Department/manage
INFO: [ app_init ] --START--
INFO: Run Behavior\BuildLiteBehavior [ RunTime:0.000006s ]
INFO: [ app_init ] --END-- [ RunTime:0.000035s ]
ERR: 无法加载模块:Department

[ 2017-04-10T16:04:47+08:00 ] ::1 /StudentMS/index.php/Department/query
INFO: [ app_init ] --START--
INFO: Run Behavior\BuildLiteBehavior [ RunTime:0.000015s ]
INFO: [ app_init ] --END-- [ RunTime:0.000108s ]
ERR: 无法加载模块:Department

[ 2017-04-10T16:04:49+08:00 ] ::1 /StudentMS/index.php/Department/de_all?pager=%7B%22page%22%3A1%2C%22pageCapacity%22%3A7%7D
INFO: [ app_init ] --START--
INFO: Run Behavior\BuildLiteBehavior [ RunTime:0.000007s ]
INFO: [ app_init ] --END-- [ RunTime:0.000052s ]
ERR: 无法加载模块:Department

[ 2017-04-10T16:04:50+08:00 ] ::1 /StudentMS/index.php/Department/de_all?pager=%7B%22page%22%3A1%2C%22pageCapacity%22%3A7%7D
INFO: [ app_init ] --START--
INFO: Run Behavior\BuildLiteBehavior [ RunTime:0.000007s ]
INFO: [ app_init ] --END-- [ RunTime:0.000050s ]
ERR: 无法加载模块:Department

[ 2017-04-10T16:04:50+08:00 ] ::1 /StudentMS/index.php/Department/de_all?pager=%7B%22page%22%3A1%2C%22pageCapacity%22%3A7%7D
INFO: [ app_init ] --START--
INFO: Run Behavior\BuildLiteBehavior [ RunTime:0.000007s ]
INFO: [ app_init ] --END-- [ RunTime:0.000052s ]
ERR: 无法加载模块:Department

[ 2017-04-10T16:04:50+08:00 ] ::1 /StudentMS/index.php/Department/de_all?pager=%7B%22page%22%3A1%2C%22pageCapacity%22%3A7%7D
INFO: [ app_init ] --START--
INFO: Run Behavior\BuildLiteBehavior [ RunTime:0.000005s ]
INFO: [ app_init ] --END-- [ RunTime:0.000037s ]
ERR: 无法加载模块:Department

[ 2017-04-10T16:04:51+08:00 ] ::1 /StudentMS/index.php/Department/notice
INFO: [ app_init ] --START--
INFO: Run Behavior\BuildLiteBehavior [ RunTime:0.000017s ]
INFO: [ app_init ] --END-- [ RunTime:0.000061s ]
ERR: 无法加载模块:Department

[ 2017-04-10T16:05:01+08:00 ] ::1 /StudentMS/index.php/Department/de_all?pager=%7B%22page%22%3A1%2C%22pageCapacity%22%3A7%7D
INFO: [ app_init ] --START--
INFO: Run Behavior\BuildLiteBehavior [ RunTime:0.000006s ]
INFO: [ app_init ] --END-- [ RunTime:0.000045s ]
ERR: 无法加载模块:Department

[ 2017-04-10T16:05:10+08:00 ] ::1 /StudentMS/index.php/Department/manage
INFO: [ app_init ] --START--
INFO: Run Behavior\BuildLiteBehavior [ RunTime:0.000013s ]
INFO: [ app_init ] --END-- [ RunTime:0.000116s ]
ERR: 无法加载模块:Department

[ 2017-04-10T16:05:13+08:00 ] ::1 /StudentMS/index.php/Department/de_all?pager=%7B%22page%22%3A1%2C%22pageCapacity%22%3A7%7D
INFO: [ app_init ] --START--
INFO: Run Behavior\BuildLiteBehavior [ RunTime:0.000008s ]
INFO: [ app_init ] --END-- [ RunTime:0.000051s ]
ERR: 无法加载模块:Department

[ 2017-04-10T16:05:25+08:00 ] ::1 /StudentMS/index.php/Department/de_all?pager=%7B%22page%22%3A1%2C%22pageCapacity%22%3A7%7D
INFO: [ app_init ] --START--
INFO: Run Behavior\BuildLiteBehavior [ RunTime:0.000008s ]
INFO: [ app_init ] --END-- [ RunTime:0.000050s ]
ERR: 无法加载模块:Department

[ 2017-04-10T16:05:26+08:00 ] ::1 /StudentMS/index.php/Department/notice
INFO: [ app_init ] --START--
INFO: Run Behavior\BuildLiteBehavior [ RunTime:0.000006s ]
INFO: [ app_init ] --END-- [ RunTime:0.000043s ]
ERR: 无法加载模块:Department

[ 2017-04-10T16:05:31+08:00 ] ::1 /StudentMS/index.php/Department/de_all?pager=%7B%22page%22%3A1%2C%22pageCapacity%22%3A7%7D
INFO: [ app_init ] --START--
INFO: Run Behavior\BuildLiteBehavior [ RunTime:0.000005s ]
INFO: [ app_init ] --END-- [ RunTime:0.000030s ]
ERR: 无法加载模块:Department

[ 2017-04-10T16:05:31+08:00 ] ::1 /StudentMS/index.php/Department/de_all?pager=%7B%22page%22%3A1%2C%22pageCapacity%22%3A7%7D
INFO: [ app_init ] --START--
INFO: Run Behavior\BuildLiteBehavior [ RunTime:0.000013s ]
INFO: [ app_init ] --END-- [ RunTime:0.000084s ]
ERR: 无法加载模块:Department

[ 2017-04-10T16:05:32+08:00 ] ::1 /StudentMS/index.php/Department/index
INFO: [ app_init ] --START--
INFO: Run Behavior\BuildLiteBehavior [ RunTime:0.000007s ]
INFO: [ app_init ] --END-- [ RunTime:0.000049s ]
ERR: 无法加载模块:Department

[ 2017-04-10T16:05:38+08:00 ] ::1 /StudentMS/index.php/Department/index
INFO: [ app_init ] --START--
INFO: Run Behavior\BuildLiteBehavior [ RunTime:0.000007s ]
INFO: [ app_init ] --END-- [ RunTime:0.000058s ]
ERR: 无法加载模块:Department

[ 2017-04-10T16:05:39+08:00 ] ::1 /StudentMS/index.php/Department/index
INFO: [ app_init ] --START--
INFO: Run Behavior\BuildLiteBehavior [ RunTime:0.000005s ]
INFO: [ app_init ] --END-- [ RunTime:0.000034s ]
ERR: 无法加载模块:Department

[ 2017-04-10T16:05:45+08:00 ] ::1 /StudentMS/index.php/Department/de_all?pager=%7B%22page%22%3A1%2C%22pageCapacity%22%3A7%7D
INFO: [ app_init ] --START--
INFO: Run Behavior\BuildLiteBehavior [ RunTime:0.000006s ]
INFO: [ app_init ] --END-- [ RunTime:0.000035s ]
ERR: 无法加载模块:Department

[ 2017-04-10T16:05:48+08:00 ] ::1 /StudentMS/index.php/Department/notice
INFO: [ app_init ] --START--
INFO: Run Behavior\BuildLiteBehavior [ RunTime:0.000009s ]
INFO: [ app_init ] --END-- [ RunTime:0.000057s ]
ERR: 无法加载模块:Department

[ 2017-04-10T16:05:50+08:00 ] ::1 /StudentMS/index.php/Department/notice
INFO: [ app_init ] --START--
INFO: Run Behavior\BuildLiteBehavior [ RunTime:0.000007s ]
INFO: [ app_init ] --END-- [ RunTime:0.000042s ]
ERR: 无法加载模块:Department

[ 2017-04-10T16:06:20+08:00 ] ::1 /StudentMS/index.php/Department/de_all?pager=%7B%22page%22%3A1%2C%22pageCapacity%22%3A7%7D
INFO: [ app_init ] --START--
INFO: Run Behavior\BuildLiteBehavior [ RunTime:0.000006s ]
INFO: [ app_init ] --END-- [ RunTime:0.000035s ]
ERR: 无法加载模块:Department

[ 2017-04-10T16:06:21+08:00 ] ::1 /StudentMS/index.php/Department/modify
INFO: [ app_init ] --START--
INFO: Run Behavior\BuildLiteBehavior [ RunTime:0.000005s ]
INFO: [ app_init ] --END-- [ RunTime:0.000036s ]
ERR: 无法加载模块:Department

[ 2017-04-10T16:06:23+08:00 ] ::1 /StudentMS/index.php/Department/manage
INFO: [ app_init ] --START--
INFO: Run Behavior\BuildLiteBehavior [ RunTime:0.000006s ]
INFO: [ app_init ] --END-- [ RunTime:0.000035s ]
ERR: 无法加载模块:Department

[ 2017-04-10T16:06:28+08:00 ] ::1 /StudentMS/index.php/Department/de_all?pager=%7B%22page%22%3A1%2C%22pageCapacity%22%3A7%7D
INFO: [ app_init ] --START--
INFO: Run Behavior\BuildLiteBehavior [ RunTime:0.000005s ]
INFO: [ app_init ] --END-- [ RunTime:0.000034s ]
ERR: 无法加载模块:Department

[ 2017-04-10T16:09:40+08:00 ] ::1 /StudentMS/index.php/Department/notice
INFO: [ app_init ] --START--
INFO: Run Behavior\BuildLiteBehavior [ RunTime:0.000004s ]
INFO: [ app_init ] --END-- [ RunTime:0.000037s ]
ERR: 无法加载模块:Department

[ 2017-04-10T16:09:42+08:00 ] ::1 /StudentMS/index.php/Department/de_all?pager=%7B%22page%22%3A1%2C%22pageCapacity%22%3A7%7D
INFO: [ app_init ] --START--
INFO: Run Behavior\BuildLiteBehavior [ RunTime:0.000022s ]
INFO: [ app_init ] --END-- [ RunTime:0.000131s ]
ERR: 无法加载模块:Department

[ 2017-04-10T16:09:43+08:00 ] ::1 /StudentMS/index.php/Department/de_all?pager=%7B%22page%22%3A1%2C%22pageCapacity%22%3A7%7D
INFO: [ app_init ] --START--
INFO: Run Behavior\BuildLiteBehavior [ RunTime:0.000006s ]
INFO: [ app_init ] --END-- [ RunTime:0.000034s ]
ERR: 无法加载模块:Department

[ 2017-04-10T16:09:47+08:00 ] ::1 /StudentMS/index.php/Department/de_all?pager=%7B%22page%22%3A1%2C%22pageCapacity%22%3A7%7D
INFO: [ app_init ] --START--
INFO: Run Behavior\BuildLiteBehavior [ RunTime:0.000008s ]
INFO: [ app_init ] --END-- [ RunTime:0.000054s ]
ERR: 无法加载模块:Department

[ 2017-04-10T16:09:49+08:00 ] ::1 /StudentMS/index.php/Department/notice
INFO: [ app_init ] --START--
INFO: Run Behavior\BuildLiteBehavior [ RunTime:0.000005s ]
INFO: [ app_init ] --END-- [ RunTime:0.000035s ]
ERR: 无法加载模块:Department

[ 2017-04-10T16:09:52+08:00 ] ::1 /StudentMS/index.php/Department/manage
INFO: [ app_init ] --START--
INFO: Run Behavior\BuildLiteBehavior [ RunTime:0.000006s ]
INFO: [ app_init ] --END-- [ RunTime:0.000040s ]
ERR: 无法加载模块:Department

[ 2017-04-10T16:10:08+08:00 ] ::1 /StudentMS/index.php/Department/manage
INFO: [ app_init ] --START--
INFO: Run Behavior\BuildLiteBehavior [ RunTime:0.000006s ]
INFO: [ app_init ] --END-- [ RunTime:0.000039s ]
ERR: 无法加载模块:Department

[ 2017-04-10T16:10:09+08:00 ] ::1 /StudentMS/index.php/Department/manage
INFO: [ app_init ] --START--
INFO: Run Behavior\BuildLiteBehavior [ RunTime:0.000009s ]
INFO: [ app_init ] --END-- [ RunTime:0.000051s ]
ERR: 无法加载模块:Department

[ 2017-04-10T16:10:10+08:00 ] ::1 /StudentMS/index.php/Department/de_all?pager=%7B%22page%22%3A1%2C%22pageCapacity%22%3A7%7D
INFO: [ app_init ] --START--
INFO: Run Behavior\BuildLiteBehavior [ RunTime:0.000007s ]
INFO: [ app_init ] --END-- [ RunTime:0.000046s ]
ERR: 无法加载模块:Department

[ 2017-04-10T16:10:12+08:00 ] ::1 /StudentMS/index.php/Department/de_all?pager=%7B%22page%22%3A1%2C%22pageCapacity%22%3A7%7D
INFO: [ app_init ] --START--
INFO: Run Behavior\BuildLiteBehavior [ RunTime:0.000007s ]
INFO: [ app_init ] --END-- [ RunTime:0.000053s ]
ERR: 无法加载模块:Department

[ 2017-04-10T16:10:13+08:00 ] ::1 /StudentMS/index.php/Department/manage
INFO: [ app_init ] --START--
INFO: Run Behavior\BuildLiteBehavior [ RunTime:0.000006s ]
INFO: [ app_init ] --END-- [ RunTime:0.000035s ]
ERR: 无法加载模块:Department

[ 2017-04-10T16:10:15+08:00 ] ::1 /StudentMS/index.php/Department/manage
INFO: [ app_init ] --START--
INFO: Run Behavior\BuildLiteBehavior [ RunTime:0.000019s ]
INFO: [ app_init ] --END-- [ RunTime:0.000137s ]
ERR: 无法加载模块:Department

[ 2017-04-10T16:10:17+08:00 ] ::1 /StudentMS/index.php/Department/de_all?pager=%7B%22page%22%3A1%2C%22pageCapacity%22%3A7%7D
INFO: [ app_init ] --START--
INFO: Run Behavior\BuildLiteBehavior [ RunTime:0.000005s ]
INFO: [ app_init ] --END-- [ RunTime:0.000034s ]
ERR: 无法加载模块:Department

[ 2017-04-10T16:10:18+08:00 ] ::1 /StudentMS/index.php/Department/manage
INFO: [ app_init ] --START--
INFO: Run Behavior\BuildLiteBehavior [ RunTime:0.000004s ]
INFO: [ app_init ] --END-- [ RunTime:0.000032s ]
ERR: 无法加载模块:Department

[ 2017-04-10T16:10:21+08:00 ] ::1 /StudentMS/index.php/Department/manage
INFO: [ app_init ] --START--
INFO: Run Behavior\BuildLiteBehavior [ RunTime:0.000005s ]
INFO: [ app_init ] --END-- [ RunTime:0.000035s ]
ERR: 无法加载模块:Department

[ 2017-04-10T16:10:25+08:00 ] ::1 /StudentMS/index.php/Department/de_all?pager=%7B%22page%22%3A1%2C%22pageCapacity%22%3A7%7D
INFO: [ app_init ] --START--
INFO: Run Behavior\BuildLiteBehavior [ RunTime:0.000005s ]
INFO: [ app_init ] --END-- [ RunTime:0.000035s ]
ERR: 无法加载模块:Department

[ 2017-04-10T16:10:26+08:00 ] ::1 /StudentMS/index.php/Department/manage
INFO: [ app_init ] --START--
INFO: Run Behavior\BuildLiteBehavior [ RunTime:0.000006s ]
INFO: [ app_init ] --END-- [ RunTime:0.000034s ]
ERR: 无法加载模块:Department

[ 2017-04-10T16:13:57+08:00 ] ::1 /StudentMS/index.php/Department/de_all?pager=%7B%22page%22%3A1%2C%22pageCapacity%22%3A7%7D
INFO: [ app_init ] --START--
INFO: Run Behavior\BuildLiteBehavior [ RunTime:0.000005s ]
INFO: [ app_init ] --END-- [ RunTime:0.000033s ]
ERR: 无法加载模块:Department

[ 2017-04-10T16:13:58+08:00 ] ::1 /StudentMS/index.php/Department/manage
INFO: [ app_init ] --START--
INFO: Run Behavior\BuildLiteBehavior [ RunTime:0.000005s ]
INFO: [ app_init ] --END-- [ RunTime:0.000036s ]
ERR: 无法加载模块:Department

[ 2017-04-10T16:14:07+08:00 ] ::1 /StudentMS/index.php/Department/de_all?pager=%7B%22page%22%3A1%2C%22pageCapacity%22%3A7%7D
INFO: [ app_init ] --START--
INFO: Run Behavior\BuildLiteBehavior [ RunTime:0.000007s ]
INFO: [ app_init ] --END-- [ RunTime:0.000047s ]
ERR: 无法加载模块:Department

[ 2017-04-10T16:14:09+08:00 ] ::1 /StudentMS/index.php/Department/de_all?pager=%7B%22page%22%3A1%2C%22pageCapacity%22%3A7%7D
INFO: [ app_init ] --START--
INFO: Run Behavior\BuildLiteBehavior [ RunTime:0.000005s ]
INFO: [ app_init ] --END-- [ RunTime:0.000033s ]
ERR: 无法加载模块:Department

[ 2017-04-10T16:14:10+08:00 ] ::1 /StudentMS/index.php/Department/record
INFO: [ app_init ] --START--
INFO: Run Behavior\BuildLiteBehavior [ RunTime:0.000006s ]
INFO: [ app_init ] --END-- [ RunTime:0.000046s ]
ERR: 无法加载模块:Department

